{
  "RSpec": {
    "coverage": {
      "/Users/williamjeffries/Documents/Projects/twitter-app/app/helpers/application_helper.rb": [
        1,
        null,
        null,
        null
      ],
      "/Users/williamjeffries/Documents/Projects/twitter-app/app/models/scan.rb": [
        1,
        1,
        null,
        1,
        1,
        1,
        1,
        null,
        1,
        0,
        0,
        null,
        null,
        1,
        0,
        0,
        null,
        null,
        1,
        0,
        0,
        null,
        null,
        1,
        0,
        0,
        0,
        0,
        null,
        null,
        null,
        null,
        1,
        0,
        0,
        null,
        0,
        null,
        null,
        1,
        2,
        null,
        2,
        2,
        2,
        2,
        null,
        2,
        2,
        null,
        null,
        null
      ],
      "/Users/williamjeffries/Documents/Projects/twitter-app/app/models/word_type.rb": [
        1,
        1,
        1,
        null,
        1,
        1,
        null,
        null,
        null,
        null,
        null,
        null,
        null,
        null
      ],
      "/Users/williamjeffries/Documents/Projects/twitter-app/app/models/tweet.rb": [
        1,
        1,
        1,
        1,
        1,
        null,
        1,
        null,
        null,
        null,
        null,
        null,
        null,
        1,
        2,
        null,
        null,
        null,
        null,
        null,
        1,
        4,
        4,
        4,
        4,
        4,
        4,
        null,
        null,
        null,
        1,
        1,
        null,
        null,
        1,
        1,
        null,
        null,
        1,
        1,
        null,
        null,
        1,
        1,
        null,
        null,
        1,
        4,
        4,
        null,
        null,
        1,
        3,
        2,
        2,
        2,
        null,
        1,
        null,
        null,
        null,
        1,
        6,
        null,
        3,
        null,
        1,
        null,
        null,
        null,
        null,
        null,
        null,
        1,
        3,
        129,
        null,
        null,
        null,
        1,
        1,
        5,
        null,
        null,
        null,
        1,
        4,
        null,
        4,
        2,
        2,
        null,
        null,
        4,
        null,
        null,
        null
      ],
      "/Users/williamjeffries/Documents/Projects/twitter-app/app/models/word.rb": [
        1,
        1,
        1,
        1,
        null
      ],
      "/Users/williamjeffries/Documents/Projects/twitter-app/app/models/word_tweet.rb": [
        1,
        null,
        1,
        1,
        null,
        1,
        null,
        null,
        null,
        null,
        null,
        0,
        null,
        null,
        null
      ]
    },
    "timestamp": 1398140779
  }
}
